<?xml version="1.0" encoding="UTF-8"?>
<!-- Generated by org.testng.reporters.JUnitReportReporter -->
<testsuite hostname="DESKTOP-4U0ASN6" name="NewPackage.testLogin" tests="2" failures="0" timestamp="25 Jul 2019 10:51:22 GMT" time="1.766" errors="0">
  <testcase name="verifyLogin" time="1.731" classname="NewPackage.testLogin"/>
  <testcase name="launchDriver" time="0.035" classname="NewPackage.testLogin"/>
</testsuite> <!-- NewPackage.testLogin -->
